  Window.cpp
c:\users\user\documents\visual studio 2017\projects\4dtracer1\4dtracer1\window.h(73): warning C4244: "return": Konvertierung von "double" in "float", möglicher Datenverlust
c:\users\user\documents\visual studio 2017\projects\4dtracer1\4dtracer1\window.cpp(45): warning C4244: "=": Konvertierung von "float" in "int", möglicher Datenverlust
c:\users\user\documents\visual studio 2017\projects\4dtracer1\4dtracer1\window.cpp(46): warning C4244: "=": Konvertierung von "float" in "int", möglicher Datenverlust
c:\users\user\documents\visual studio 2017\projects\4dtracer1\4dtracer1\window.cpp(122): warning C4244: "Argument": Konvertierung von "int" in "GLfloat", möglicher Datenverlust
c:\users\user\documents\visual studio 2017\projects\4dtracer1\4dtracer1\window.cpp(125): warning C4244: "Argument": Konvertierung von "int" in "GLfloat", möglicher Datenverlust
c:\users\user\documents\visual studio 2017\projects\4dtracer1\4dtracer1\window.cpp(128): warning C4244: "Argument": Konvertierung von "int" in "GLfloat", möglicher Datenverlust
c:\users\user\documents\visual studio 2017\projects\4dtracer1\4dtracer1\window.cpp(212): warning C4244: "Initialisierung": Konvertierung von "double" in "float", möglicher Datenverlust
c:\users\user\documents\visual studio 2017\projects\4dtracer1\4dtracer1\window.cpp(213): warning C4244: "Initialisierung": Konvertierung von "double" in "float", möglicher Datenverlust
c:\users\user\documents\visual studio 2017\projects\4dtracer1\4dtracer1\window.cpp(229): warning C4244: "Argument": Konvertierung von "double" in "float", möglicher Datenverlust
c:\users\user\documents\visual studio 2017\projects\4dtracer1\4dtracer1\window.cpp(235): warning C4244: "-=": Konvertierung von "double" in "float", möglicher Datenverlust
c:\users\user\documents\visual studio 2017\projects\4dtracer1\4dtracer1\window.cpp(332): warning C4244: "Argument": Konvertierung von "std::streamoff" in "const unsigned int", möglicher Datenverlust
c:\users\user\documents\visual studio 2017\projects\4dtracer1\4dtracer1\window.cpp(415): warning C4244: "Argument": Konvertierung von "double" in "const float", möglicher Datenverlust
c:\users\user\documents\visual studio 2017\projects\4dtracer1\4dtracer1\window.cpp(420): warning C4244: "Argument": Konvertierung von "double" in "const float", möglicher Datenverlust
c:\users\user\documents\visual studio 2017\projects\4dtracer1\4dtracer1\window.cpp(425): warning C4244: "Argument": Konvertierung von "double" in "const float", möglicher Datenverlust
c:\users\user\documents\visual studio 2017\projects\4dtracer1\4dtracer1\window.cpp(430): warning C4244: "Argument": Konvertierung von "double" in "const float", möglicher Datenverlust
  Code wird generiert.
  2 of 219 functions ( 0.9%) were compiled, the rest were copied from previous compilation.
    0 functions were new in current compilation
    0 functions had inline decision re-evaluated but remain unchanged
  Codegenerierung ist abgeschlossen.
  4dTracer1.vcxproj -> C:\Users\User\Documents\Visual Studio 2017\Projects\4dTracer1\Release\4dTracer1.exe
